This file contains any messages produced by compilers while
running configure, to aid debugging if configure makes a mistake.

It was created by Xen Hypervisor configure 4.7, which was
generated by GNU Autoconf 2.69.  Invocation command line was

  $ ./configure --build=x86_64-unknown-linux-gnu --host=aarch64-linux-gnu

## --------- ##
## Platform. ##
## --------- ##

hostname = amna-ThinkPad-E460
uname -m = x86_64
uname -r = 4.10.0-33-generic
uname -s = Linux
uname -v = #37~16.04.1-Ubuntu SMP Fri Aug 11 14:07:24 UTC 2017

/usr/bin/uname -p = unknown
/bin/uname -X     = unknown

/bin/arch              = unknown
/usr/bin/arch -k       = unknown
/usr/convex/getsysinfo = unknown
/usr/bin/hostinfo      = unknown
/bin/machine           = unknown
/usr/bin/oslevel       = unknown
/bin/universe          = unknown

PATH: /usr/local/sbin
PATH: /usr/local/bin
PATH: /usr/sbin
PATH: /usr/bin
PATH: /sbin
PATH: /bin


## ----------- ##
## Core tests. ##
## ----------- ##

configure:1781: checking build system type
configure:1795: result: x86_64-unknown-linux-gnu
configure:1815: checking host system type
configure:1828: result: aarch64-unknown-linux-gnu
configure:2405: creating ./config.status

## ---------------------- ##
## Running config.status. ##
## ---------------------- ##

This file was extended by Xen Hypervisor config.status 4.7, which was
generated by GNU Autoconf 2.69.  Invocation command line was

  CONFIG_FILES    = 
  CONFIG_HEADERS  = 
  CONFIG_LINKS    = 
  CONFIG_COMMANDS = 
  $ ./config.status 

on amna-ThinkPad-E460

config.status:746: creating config/Toplevel.mk
config.status:746: creating config/Paths.mk
configure:3478: === configuring in tools (/home/amna/Thesis/xen/xen/xen/tools)
configure:3541: running /bin/bash ../../tools/configure --disable-option-checking '--prefix=/usr/local'  '--build=x86_64-unknown-linux-gnu' '--host=aarch64-linux-gnu' 'build_alias=x86_64-unknown-linux-gnu' 'host_alias=aarch64-linux-gnu' --cache-file=/dev/null --srcdir=../../tools
configure:3478: === configuring in docs (/home/amna/Thesis/xen/xen/xen/docs)
configure:3541: running /bin/bash ../../docs/configure --disable-option-checking '--prefix=/usr/local'  '--build=x86_64-unknown-linux-gnu' '--host=aarch64-linux-gnu' 'build_alias=x86_64-unknown-linux-gnu' 'host_alias=aarch64-linux-gnu' --cache-file=/dev/null --srcdir=../../docs

## ---------------- ##
## Cache variables. ##
## ---------------- ##

ac_cv_build=x86_64-unknown-linux-gnu
ac_cv_env_build_alias_set=set
ac_cv_env_build_alias_value=x86_64-unknown-linux-gnu
ac_cv_env_host_alias_set=set
ac_cv_env_host_alias_value=aarch64-linux-gnu
ac_cv_env_target_alias_set=
ac_cv_env_target_alias_value=
ac_cv_host=aarch64-unknown-linux-gnu
ax_cv_githttp=n

## ----------------- ##
## Output variables. ##
## ----------------- ##

CONFIG_DIR='/etc'
CONFIG_LEAF_DIR='default'
DEFS='-DPACKAGE_NAME=\"Xen\ Hypervisor\" -DPACKAGE_TARNAME=\"xen\" -DPACKAGE_VERSION=\"4.7\" -DPACKAGE_STRING=\"Xen\ Hypervisor\ 4.7\" -DPACKAGE_BUGREPORT=\"xen-devel@lists.xen.org\" -DPACKAGE_URL=\"http://www.xen.org/\"'
ECHO_C=''
ECHO_N='-n'
ECHO_T=''
INITD_DIR='/etc/init.d'
LIBEXEC='/usr/local/lib/xen'
LIBEXEC_BIN='/usr/local/lib/xen/bin'
LIBEXEC_INC='/usr/local/lib/xen/include'
LIBEXEC_LIB='/usr/local/lib/xen/lib'
LIBOBJS=''
LIBS=''
LTLIBOBJS=''
PACKAGE_BUGREPORT='xen-devel@lists.xen.org'
PACKAGE_NAME='Xen Hypervisor'
PACKAGE_STRING='Xen Hypervisor 4.7'
PACKAGE_TARNAME='xen'
PACKAGE_URL='http://www.xen.org/'
PACKAGE_VERSION='4.7'
PATH_SEPARATOR=':'
SHAREDIR='/usr/local/share'
SHELL='/bin/bash'
SUBSYSTEMS=' xen tools docs'
XENFIRMWAREDIR='/usr/local/lib/xen/boot'
XEN_CONFIG_DIR='/etc/xen'
XEN_DUMP_DIR='/var/lib/xen/dump'
XEN_LIB_STORED='/var/lib/xenstored'
XEN_LOCK_DIR='/var/lock'
XEN_LOG_DIR='/var/log/xen'
XEN_PAGING_DIR='/var/lib/xen/xenpaging'
XEN_RUN_DIR='/var/run/xen'
XEN_SCRIPT_DIR='/etc/xen/scripts'
bindir='/usr/local/bin'
build='x86_64-unknown-linux-gnu'
build_alias='x86_64-unknown-linux-gnu'
build_cpu='x86_64'
build_os='linux-gnu'
build_vendor='unknown'
datadir='${datarootdir}'
datarootdir='${prefix}/share'
docdir='${datarootdir}/doc/${PACKAGE_TARNAME}'
docs='y'
dvidir='${docdir}'
exec_prefix='/usr/local'
githttp='n'
host='aarch64-unknown-linux-gnu'
host_alias='aarch64-linux-gnu'
host_cpu='aarch64'
host_os='linux-gnu'
host_vendor='unknown'
htmldir='${docdir}'
includedir='${prefix}/include'
infodir='${datarootdir}/info'
libdir='/usr/local/lib'
libexecdir='${exec_prefix}/lib'
localedir='${datarootdir}/locale'
localstatedir='/var'
mandir='${datarootdir}/man'
oldincludedir='/usr/include'
pdfdir='${docdir}'
prefix='/usr/local'
program_transform_name='s,x,x,'
psdir='${docdir}'
sbindir='/usr/local/sbin'
sharedstatedir='${prefix}/com'
stubdom='n'
subdirs=' tools docs'
sysconfdir='/etc'
target_alias=''
tools='y'
xen='y'

## ----------- ##
## confdefs.h. ##
## ----------- ##

/* confdefs.h */
#define PACKAGE_NAME "Xen Hypervisor"
#define PACKAGE_TARNAME "xen"
#define PACKAGE_VERSION "4.7"
#define PACKAGE_STRING "Xen Hypervisor 4.7"
#define PACKAGE_BUGREPORT "xen-devel@lists.xen.org"
#define PACKAGE_URL "http://www.xen.org/"

configure: exit 0
