This file contains any messages produced by compilers while
running configure, to aid debugging if configure makes a mistake.

It was created by Xen Hypervisor Documentation configure 4.7, which was
generated by GNU Autoconf 2.69.  Invocation command line was

  $ ../../docs/configure --disable-option-checking --prefix=/usr/local --build=x86_64-unknown-linux-gnu --host=aarch64-linux-gnu build_alias=x86_64-unknown-linux-gnu host_alias=aarch64-linux-gnu --cache-file=/dev/null --srcdir=../../docs

## --------- ##
## Platform. ##
## --------- ##

hostname = amna-ThinkPad-E460
uname -m = x86_64
uname -r = 4.10.0-33-generic
uname -s = Linux
uname -v = #37~16.04.1-Ubuntu SMP Fri Aug 11 14:07:24 UTC 2017

/usr/bin/uname -p = unknown
/bin/uname -X     = unknown

/bin/arch              = unknown
/usr/bin/arch -k       = unknown
/usr/convex/getsysinfo = unknown
/usr/bin/hostinfo      = unknown
/bin/machine           = unknown
/usr/bin/oslevel       = unknown
/bin/universe          = unknown

PATH: /usr/local/sbin
PATH: /usr/local/bin
PATH: /usr/sbin
PATH: /usr/bin
PATH: /sbin
PATH: /bin


## ----------- ##
## Core tests. ##
## ----------- ##

configure:1746: checking for fig2dev
configure:1779: result: no
configure:1786: WARNING: fig2dev is not available so some documentation won't be built
configure:1795: checking for pod2man
configure:1813: found /usr/bin/pod2man
configure:1825: result: /usr/bin/pod2man
configure:1844: checking for pod2html
configure:1862: found /usr/bin/pod2html
configure:1874: result: /usr/bin/pod2html
configure:1893: checking for pod2text
configure:1911: found /usr/bin/pod2text
configure:1923: result: /usr/bin/pod2text
configure:1942: checking for pandoc
configure:1975: result: no
configure:1982: WARNING: pandoc is not available so some documentation won't be built
configure:1993: checking for markdown
configure:2026: result: no
configure:1993: checking for markdown_py
configure:2026: result: no
configure:2036: WARNING: markdown is not available so some documentation won't be built
configure:2045: checking for perl
configure:2063: found /usr/bin/perl
configure:2076: result: /usr/bin/perl
configure:2239: creating ./config.status

## ---------------------- ##
## Running config.status. ##
## ---------------------- ##

This file was extended by Xen Hypervisor Documentation config.status 4.7, which was
generated by GNU Autoconf 2.69.  Invocation command line was

  CONFIG_FILES    = 
  CONFIG_HEADERS  = 
  CONFIG_LINKS    = 
  CONFIG_COMMANDS = 
  $ ./config.status 

on amna-ThinkPad-E460

config.status:720: creating ../config/Docs.mk

## ---------------- ##
## Cache variables. ##
## ---------------- ##

ac_cv_env_FIG2DEV_set=
ac_cv_env_FIG2DEV_value=
ac_cv_env_MARKDOWN_set=
ac_cv_env_MARKDOWN_value=
ac_cv_env_PANDOC_set=
ac_cv_env_PANDOC_value=
ac_cv_env_PERL_set=
ac_cv_env_PERL_value=
ac_cv_env_POD2HTML_set=
ac_cv_env_POD2HTML_value=
ac_cv_env_POD2MAN_set=
ac_cv_env_POD2MAN_value=
ac_cv_env_POD2TEXT_set=
ac_cv_env_POD2TEXT_value=
ac_cv_env_build_alias_set=set
ac_cv_env_build_alias_value=x86_64-unknown-linux-gnu
ac_cv_env_host_alias_set=set
ac_cv_env_host_alias_value=aarch64-linux-gnu
ac_cv_env_target_alias_set=
ac_cv_env_target_alias_value=
ac_cv_path_PERL=/usr/bin/perl
ac_cv_path_POD2HTML=/usr/bin/pod2html
ac_cv_path_POD2MAN=/usr/bin/pod2man
ac_cv_path_POD2TEXT=/usr/bin/pod2text

## ----------------- ##
## Output variables. ##
## ----------------- ##

DEFS='-DPACKAGE_NAME=\"Xen\ Hypervisor\ Documentation\" -DPACKAGE_TARNAME=\"xen\" -DPACKAGE_VERSION=\"4.7\" -DPACKAGE_STRING=\"Xen\ Hypervisor\ Documentation\ 4.7\" -DPACKAGE_BUGREPORT=\"xen-devel@lists.xen.org\" -DPACKAGE_URL=\"http://www.xen.org/\"'
ECHO_C=''
ECHO_N='-n'
ECHO_T=''
FIG2DEV=''
LIBOBJS=''
LIBS=''
LTLIBOBJS=''
MARKDOWN=''
PACKAGE_BUGREPORT='xen-devel@lists.xen.org'
PACKAGE_NAME='Xen Hypervisor Documentation'
PACKAGE_STRING='Xen Hypervisor Documentation 4.7'
PACKAGE_TARNAME='xen'
PACKAGE_URL='http://www.xen.org/'
PACKAGE_VERSION='4.7'
PANDOC=''
PATH_SEPARATOR=':'
PERL='/usr/bin/perl'
POD2HTML='/usr/bin/pod2html'
POD2MAN='/usr/bin/pod2man'
POD2TEXT='/usr/bin/pod2text'
SHELL='/bin/bash'
bindir='${exec_prefix}/bin'
build_alias='x86_64-unknown-linux-gnu'
datadir='${datarootdir}'
datarootdir='${prefix}/share'
docdir='${datarootdir}/doc/${PACKAGE_TARNAME}'
dvidir='${docdir}'
exec_prefix='${prefix}'
host_alias='aarch64-linux-gnu'
htmldir='${docdir}'
includedir='${prefix}/include'
infodir='${datarootdir}/info'
libdir='${exec_prefix}/lib'
libexecdir='${exec_prefix}/libexec'
localedir='${datarootdir}/locale'
localstatedir='${prefix}/var'
mandir='${datarootdir}/man'
oldincludedir='/usr/include'
pdfdir='${docdir}'
prefix='/usr/local'
program_transform_name='s,x,x,'
psdir='${docdir}'
sbindir='${exec_prefix}/sbin'
sharedstatedir='${prefix}/com'
sysconfdir='${prefix}/etc'
target_alias=''

## ----------- ##
## confdefs.h. ##
## ----------- ##

/* confdefs.h */
#define PACKAGE_NAME "Xen Hypervisor Documentation"
#define PACKAGE_TARNAME "xen"
#define PACKAGE_VERSION "4.7"
#define PACKAGE_STRING "Xen Hypervisor Documentation 4.7"
#define PACKAGE_BUGREPORT "xen-devel@lists.xen.org"
#define PACKAGE_URL "http://www.xen.org/"

configure: exit 0
