This file contains any messages produced by compilers while
running configure, to aid debugging if configure makes a mistake.

It was created by Xen Hypervisor Tools configure 4.7, which was
generated by GNU Autoconf 2.69.  Invocation command line was

  $ ../../tools/configure --disable-option-checking --prefix=/usr/local --build=x86_64-unknown-linux-gnu --host=aarch64-linux-gnu build_alias=x86_64-unknown-linux-gnu host_alias=aarch64-linux-gnu --cache-file=/dev/null --srcdir=../../tools

## --------- ##
## Platform. ##
## --------- ##

hostname = amna-ThinkPad-E460
uname -m = x86_64
uname -r = 4.10.0-32-generic
uname -s = Linux
uname -v = #36~16.04.1-Ubuntu SMP Wed Aug 9 09:19:02 UTC 2017

/usr/bin/uname -p = unknown
/bin/uname -X     = unknown

/bin/arch              = unknown
/usr/bin/arch -k       = unknown
/usr/convex/getsysinfo = unknown
/usr/bin/hostinfo      = unknown
/bin/machine           = unknown
/usr/bin/oslevel       = unknown
/bin/universe          = unknown

PATH: /usr/local/sbin
PATH: /usr/local/bin
PATH: /usr/sbin
PATH: /usr/bin
PATH: /sbin
PATH: /bin


## ----------- ##
## Core tests. ##
## ----------- ##

configure:2461: checking build system type
configure:2475: result: x86_64-unknown-linux-gnu
configure:2495: checking host system type
configure:2508: result: aarch64-unknown-linux-gnu
configure:2543: checking for aarch64-linux-gnu-gcc
configure:2559: found /usr/bin/aarch64-linux-gnu-gcc
configure:2570: result: aarch64-linux-gnu-gcc
configure:2839: checking for C compiler version
configure:2848: aarch64-linux-gnu-gcc --version >&5
aarch64-linux-gnu-gcc (Ubuntu/Linaro 4.8.2-13ubuntu1) 4.8.2 20140110 (prerelease) [ibm/gcc-4_8-branch merged from gcc-4_8-branch, revision 205847]
Copyright (C) 2013 Free Software Foundation, Inc.
This is free software; see the source for copying conditions.  There is NO
warranty; not even for MERCHANTABILITY or FITNESS FOR A PARTICULAR PURPOSE.

configure:2859: $? = 0
configure:2848: aarch64-linux-gnu-gcc -v >&5
Using built-in specs.
COLLECT_GCC=aarch64-linux-gnu-gcc
COLLECT_LTO_WRAPPER=/usr/lib/gcc-cross/aarch64-linux-gnu/4.8/lto-wrapper
Target: aarch64-linux-gnu
Configured with: ../src/configure -v --with-pkgversion='Ubuntu/Linaro 4.8.2-13ubuntu1' --with-bugurl=file:///usr/share/doc/gcc-4.8/README.Bugs --enable-languages=c,c++,java,go,d,fortran,objc,obj-c++ --prefix=/usr --program-suffix=-4.8 --enable-shared --enable-linker-build-id --libexecdir=/usr/lib --without-included-gettext --enable-threads=posix --with-gxx-include-dir=/usr/aarch64-linux-gnu/include/c++/4.8.2 --libdir=/usr/lib --enable-nls --with-sysroot=/ --with-build-sysroot=/usr/aarch64-linux-gnu --enable-clocale=gnu --enable-libstdcxx-debug --enable-libstdcxx-time=yes --enable-gnu-unique-object --disable-libmudflap --disable-libitm --disable-libsanitizer --disable-libquadmath --enable-plugin --with-system-zlib --disable-browser-plugin --enable-java-awt=gtk --enable-gtk-cairo --with-java-home=/usr/lib/jvm/java-1.5.0-gcj-4.8-arm64-cross/jre --enable-java-home --with-jvm-root-dir=/usr/lib/jvm/java-1.5.0-gcj-4.8-arm64-cross --with-jvm-jar-dir=/usr/lib/jvm-exports/java-1.5.0-gcj-4.8-arm64-cross --with-arch-directory=arm64 --with-ecj-jar=/usr/share/java/eclipse-ecj.jar --disable-libgcj --disable-libstdcxx-pch --enable-multiarch --disable-werror --enable-checking=release --build=x86_64-linux-gnu --host=x86_64-linux-gnu --target=aarch64-linux-gnu --program-prefix=aarch64-linux-gnu- --includedir=/usr/aarch64-linux-gnu/include
Thread model: posix
gcc version 4.8.2 20140110 (prerelease) [ibm/gcc-4_8-branch merged from gcc-4_8-branch, revision 205847] (Ubuntu/Linaro 4.8.2-13ubuntu1) 
configure:2859: $? = 0
configure:2848: aarch64-linux-gnu-gcc -V >&5
aarch64-linux-gnu-gcc: error: unrecognized command line option '-V'
aarch64-linux-gnu-gcc: fatal error: no input files
compilation terminated.
configure:2859: $? = 4
configure:2848: aarch64-linux-gnu-gcc -qversion >&5
aarch64-linux-gnu-gcc: error: unrecognized command line option '-qversion'
aarch64-linux-gnu-gcc: fatal error: no input files
compilation terminated.
configure:2859: $? = 4
configure:2879: checking whether the C compiler works
configure:2901: aarch64-linux-gnu-gcc    conftest.c  >&5
configure:2905: $? = 0
configure:2953: result: yes
configure:2956: checking for C compiler default output file name
configure:2958: result: a.out
configure:2964: checking for suffix of executables
configure:2971: aarch64-linux-gnu-gcc -o conftest    conftest.c  >&5
configure:2975: $? = 0
configure:2997: result: 
configure:3019: checking whether we are cross compiling
configure:3057: result: yes
configure:3062: checking for suffix of object files
configure:3084: aarch64-linux-gnu-gcc -c   conftest.c >&5
configure:3088: $? = 0
configure:3109: result: o
configure:3113: checking whether we are using the GNU C compiler
configure:3132: aarch64-linux-gnu-gcc -c   conftest.c >&5
configure:3132: $? = 0
configure:3141: result: yes
configure:3150: checking whether aarch64-linux-gnu-gcc accepts -g
configure:3170: aarch64-linux-gnu-gcc -c -g  conftest.c >&5
configure:3170: $? = 0
configure:3211: result: yes
configure:3228: checking for aarch64-linux-gnu-gcc option to accept ISO C89
configure:3291: aarch64-linux-gnu-gcc  -c -g -O2  conftest.c >&5
configure:3291: $? = 0
configure:3304: result: none needed
configure:3332: checking for special C compiler options needed for large files
configure:3377: result: no
configure:3383: checking for _FILE_OFFSET_BITS value needed for large files
configure:3408: aarch64-linux-gnu-gcc -c -g -O2  conftest.c >&5
configure:3408: $? = 0
configure:3440: result: no
configure:4518: checking for aarch64-linux-gnu-gcc
configure:4545: result: aarch64-linux-gnu-gcc
configure:4814: checking for C compiler version
configure:4823: aarch64-linux-gnu-gcc --version >&5
aarch64-linux-gnu-gcc (Ubuntu/Linaro 4.8.2-13ubuntu1) 4.8.2 20140110 (prerelease) [ibm/gcc-4_8-branch merged from gcc-4_8-branch, revision 205847]
Copyright (C) 2013 Free Software Foundation, Inc.
This is free software; see the source for copying conditions.  There is NO
warranty; not even for MERCHANTABILITY or FITNESS FOR A PARTICULAR PURPOSE.

configure:4834: $? = 0
configure:4823: aarch64-linux-gnu-gcc -v >&5
Using built-in specs.
COLLECT_GCC=aarch64-linux-gnu-gcc
COLLECT_LTO_WRAPPER=/usr/lib/gcc-cross/aarch64-linux-gnu/4.8/lto-wrapper
Target: aarch64-linux-gnu
Configured with: ../src/configure -v --with-pkgversion='Ubuntu/Linaro 4.8.2-13ubuntu1' --with-bugurl=file:///usr/share/doc/gcc-4.8/README.Bugs --enable-languages=c,c++,java,go,d,fortran,objc,obj-c++ --prefix=/usr --program-suffix=-4.8 --enable-shared --enable-linker-build-id --libexecdir=/usr/lib --without-included-gettext --enable-threads=posix --with-gxx-include-dir=/usr/aarch64-linux-gnu/include/c++/4.8.2 --libdir=/usr/lib --enable-nls --with-sysroot=/ --with-build-sysroot=/usr/aarch64-linux-gnu --enable-clocale=gnu --enable-libstdcxx-debug --enable-libstdcxx-time=yes --enable-gnu-unique-object --disable-libmudflap --disable-libitm --disable-libsanitizer --disable-libquadmath --enable-plugin --with-system-zlib --disable-browser-plugin --enable-java-awt=gtk --enable-gtk-cairo --with-java-home=/usr/lib/jvm/java-1.5.0-gcj-4.8-arm64-cross/jre --enable-java-home --with-jvm-root-dir=/usr/lib/jvm/java-1.5.0-gcj-4.8-arm64-cross --with-jvm-jar-dir=/usr/lib/jvm-exports/java-1.5.0-gcj-4.8-arm64-cross --with-arch-directory=arm64 --with-ecj-jar=/usr/share/java/eclipse-ecj.jar --disable-libgcj --disable-libstdcxx-pch --enable-multiarch --disable-werror --enable-checking=release --build=x86_64-linux-gnu --host=x86_64-linux-gnu --target=aarch64-linux-gnu --program-prefix=aarch64-linux-gnu- --includedir=/usr/aarch64-linux-gnu/include
Thread model: posix
gcc version 4.8.2 20140110 (prerelease) [ibm/gcc-4_8-branch merged from gcc-4_8-branch, revision 205847] (Ubuntu/Linaro 4.8.2-13ubuntu1) 
configure:4834: $? = 0
configure:4823: aarch64-linux-gnu-gcc -V >&5
aarch64-linux-gnu-gcc: error: unrecognized command line option '-V'
aarch64-linux-gnu-gcc: fatal error: no input files
compilation terminated.
configure:4834: $? = 4
configure:4823: aarch64-linux-gnu-gcc -qversion >&5
aarch64-linux-gnu-gcc: error: unrecognized command line option '-qversion'
aarch64-linux-gnu-gcc: fatal error: no input files
compilation terminated.
configure:4834: $? = 4
configure:4838: checking whether we are using the GNU C compiler
configure:4866: result: yes
configure:4875: checking whether aarch64-linux-gnu-gcc accepts -g
configure:4936: result: yes
configure:4953: checking for aarch64-linux-gnu-gcc option to accept ISO C89
configure:5029: result: none needed
configure:5049: checking whether make sets $(MAKE)
configure:5071: result: yes
configure:5094: checking for a BSD-compatible install
configure:5162: result: /usr/bin/install -c
configure:5175: checking for bison
configure:5208: result: no
configure:5215: checking for flex
configure:5248: result: no
configure:5255: checking for perl
configure:5273: found /usr/bin/perl
configure:5286: result: /usr/bin/perl
configure:5300: checking for awk
configure:5318: found /usr/bin/awk
configure:5331: result: /usr/bin/awk
configure:5348: checking for aarch64-linux-gnu-ocamlc
configure:5378: result: no
configure:5388: checking for ocamlc
configure:5418: result: no
configure:5782: checking for aarch64-linux-gnu-ocaml
configure:5812: result: no
configure:5822: checking for ocaml
configure:5852: result: no
configure:5876: checking for aarch64-linux-gnu-ocamldep
configure:5906: result: no
configure:5916: checking for ocamldep
configure:5946: result: no
configure:5970: checking for aarch64-linux-gnu-ocamlmktop
configure:6000: result: no
configure:6010: checking for ocamlmktop
configure:6040: result: no
configure:6064: checking for aarch64-linux-gnu-ocamlmklib
configure:6094: result: no
configure:6104: checking for ocamlmklib
configure:6134: result: no
configure:6158: checking for aarch64-linux-gnu-ocamldoc
configure:6188: result: no
configure:6198: checking for ocamldoc
configure:6228: result: no
configure:6252: checking for aarch64-linux-gnu-ocamlbuild
configure:6282: result: no
configure:6292: checking for ocamlbuild
configure:6322: result: no
configure:6347: checking for aarch64-linux-gnu-ocamlfind
configure:6377: result: no
configure:6387: checking for ocamlfind
configure:6417: result: no
configure:6443: checking for gawk
configure:6470: result: /usr/bin/awk
configure:6614: checking for aarch64-linux-gnu-checkpolicy
configure:6644: result: no
configure:6654: checking for checkpolicy
configure:6684: result: no
configure:6724: checking for bash
configure:6755: result: /bin/bash
configure:6779: checking for python
configure:6797: found /usr/bin/python
configure:6810: result: /usr/bin/python
configure:6822: checking for python version >= 2.3 
configure:6832: result: yes
configure:6841: checking how to run the C preprocessor
configure:6872: aarch64-linux-gnu-gcc -E    conftest.c
configure:6872: $? = 0
configure:6886: aarch64-linux-gnu-gcc -E    conftest.c
conftest.c:11:28: fatal error: ac_nonexistent.h: No such file or directory
 #include <ac_nonexistent.h>
                            ^
compilation terminated.
configure:6886: $? = 1
configure: failed program was:
| /* confdefs.h */
| #define PACKAGE_NAME "Xen Hypervisor Tools"
| #define PACKAGE_TARNAME "xen"
| #define PACKAGE_VERSION "4.7"
| #define PACKAGE_STRING "Xen Hypervisor Tools 4.7"
| #define PACKAGE_BUGREPORT "xen-devel@lists.xen.org"
| #define PACKAGE_URL "http://www.xen.org/"
| #define HAVE_BLKTAP2 1
| #define QEMU_XEN_PATH "/usr/local/lib/xen/bin/qemu-system-i386"
| /* end confdefs.h.  */
| #include <ac_nonexistent.h>
configure:6911: result: aarch64-linux-gnu-gcc -E
configure:6931: aarch64-linux-gnu-gcc -E    conftest.c
configure:6931: $? = 0
configure:6945: aarch64-linux-gnu-gcc -E    conftest.c
conftest.c:11:28: fatal error: ac_nonexistent.h: No such file or directory
 #include <ac_nonexistent.h>
                            ^
compilation terminated.
configure:6945: $? = 1
configure: failed program was:
| /* confdefs.h */
| #define PACKAGE_NAME "Xen Hypervisor Tools"
| #define PACKAGE_TARNAME "xen"
| #define PACKAGE_VERSION "4.7"
| #define PACKAGE_STRING "Xen Hypervisor Tools 4.7"
| #define PACKAGE_BUGREPORT "xen-devel@lists.xen.org"
| #define PACKAGE_URL "http://www.xen.org/"
| #define HAVE_BLKTAP2 1
| #define QEMU_XEN_PATH "/usr/local/lib/xen/bin/qemu-system-i386"
| /* end confdefs.h.  */
| #include <ac_nonexistent.h>
configure:6974: checking for grep that handles long lines and -e
configure:7032: result: /bin/grep
configure:7037: checking for egrep
configure:7099: result: /bin/grep -E
configure:7104: checking for ANSI C header files
configure:7124: aarch64-linux-gnu-gcc -c -g -O2    conftest.c >&5
configure:7124: $? = 0
configure:7208: result: yes
configure:7221: checking for sys/types.h
configure:7221: aarch64-linux-gnu-gcc -c -g -O2    conftest.c >&5
configure:7221: $? = 0
configure:7221: result: yes
configure:7221: checking for sys/stat.h
configure:7221: aarch64-linux-gnu-gcc -c -g -O2    conftest.c >&5
configure:7221: $? = 0
configure:7221: result: yes
configure:7221: checking for stdlib.h
configure:7221: aarch64-linux-gnu-gcc -c -g -O2    conftest.c >&5
configure:7221: $? = 0
configure:7221: result: yes
configure:7221: checking for string.h
configure:7221: aarch64-linux-gnu-gcc -c -g -O2    conftest.c >&5
configure:7221: $? = 0
configure:7221: result: yes
configure:7221: checking for memory.h
configure:7221: aarch64-linux-gnu-gcc -c -g -O2    conftest.c >&5
configure:7221: $? = 0
configure:7221: result: yes
configure:7221: checking for strings.h
configure:7221: aarch64-linux-gnu-gcc -c -g -O2    conftest.c >&5
configure:7221: $? = 0
configure:7221: result: yes
configure:7221: checking for inttypes.h
configure:7221: aarch64-linux-gnu-gcc -c -g -O2    conftest.c >&5
configure:7221: $? = 0
configure:7221: result: yes
configure:7221: checking for stdint.h
configure:7221: aarch64-linux-gnu-gcc -c -g -O2    conftest.c >&5
configure:7221: $? = 0
configure:7221: result: yes
configure:7221: checking for unistd.h
configure:7221: aarch64-linux-gnu-gcc -c -g -O2    conftest.c >&5
configure:7221: $? = 0
configure:7221: result: yes
configure:7408: checking for xgettext
configure:7426: found /usr/bin/xgettext
configure:7439: result: /usr/bin/xgettext
configure:7501: checking uuid/uuid.h usability
configure:7501: aarch64-linux-gnu-gcc -c -g -O2    conftest.c >&5
configure:7501: $? = 0
configure:7501: result: yes
configure:7501: checking uuid/uuid.h presence
configure:7501: aarch64-linux-gnu-gcc -E    conftest.c
configure:7501: $? = 0
configure:7501: result: yes
configure:7501: checking for uuid/uuid.h
configure:7501: result: yes
configure:7504: checking for uuid_clear in -luuid
configure:7529: aarch64-linux-gnu-gcc -o conftest -g -O2       conftest.c -luuid   >&5
configure:7529: $? = 0
configure:7538: result: yes
configure:7548: checking uuid.h usability
configure:7548: aarch64-linux-gnu-gcc -c -g -O2    conftest.c >&5
conftest.c:54:18: fatal error: uuid.h: No such file or directory
 #include <uuid.h>
                  ^
compilation terminated.
configure:7548: $? = 1
configure: failed program was:
| /* confdefs.h */
| #define PACKAGE_NAME "Xen Hypervisor Tools"
| #define PACKAGE_TARNAME "xen"
| #define PACKAGE_VERSION "4.7"
| #define PACKAGE_STRING "Xen Hypervisor Tools 4.7"
| #define PACKAGE_BUGREPORT "xen-devel@lists.xen.org"
| #define PACKAGE_URL "http://www.xen.org/"
| #define HAVE_BLKTAP2 1
| #define QEMU_XEN_PATH "/usr/local/lib/xen/bin/qemu-system-i386"
| #define STDC_HEADERS 1
| #define HAVE_SYS_TYPES_H 1
| #define HAVE_SYS_STAT_H 1
| #define HAVE_STDLIB_H 1
| #define HAVE_STRING_H 1
| #define HAVE_MEMORY_H 1
| #define HAVE_STRINGS_H 1
| #define HAVE_INTTYPES_H 1
| #define HAVE_STDINT_H 1
| #define HAVE_UNISTD_H 1
| /* end confdefs.h.  */
| #include <stdio.h>
| #ifdef HAVE_SYS_TYPES_H
| # include <sys/types.h>
| #endif
| #ifdef HAVE_SYS_STAT_H
| # include <sys/stat.h>
| #endif
| #ifdef STDC_HEADERS
| # include <stdlib.h>
| # include <stddef.h>
| #else
| # ifdef HAVE_STDLIB_H
| #  include <stdlib.h>
| # endif
| #endif
| #ifdef HAVE_STRING_H
| # if !defined STDC_HEADERS && defined HAVE_MEMORY_H
| #  include <memory.h>
| # endif
| # include <string.h>
| #endif
| #ifdef HAVE_STRINGS_H
| # include <strings.h>
| #endif
| #ifdef HAVE_INTTYPES_H
| # include <inttypes.h>
| #endif
| #ifdef HAVE_STDINT_H
| # include <stdint.h>
| #endif
| #ifdef HAVE_UNISTD_H
| # include <unistd.h>
| #endif
| #include <uuid.h>
configure:7548: result: no
configure:7548: checking uuid.h presence
configure:7548: aarch64-linux-gnu-gcc -E    conftest.c
conftest.c:21:18: fatal error: uuid.h: No such file or directory
 #include <uuid.h>
                  ^
compilation terminated.
configure:7548: $? = 1
configure: failed program was:
| /* confdefs.h */
| #define PACKAGE_NAME "Xen Hypervisor Tools"
| #define PACKAGE_TARNAME "xen"
| #define PACKAGE_VERSION "4.7"
| #define PACKAGE_STRING "Xen Hypervisor Tools 4.7"
| #define PACKAGE_BUGREPORT "xen-devel@lists.xen.org"
| #define PACKAGE_URL "http://www.xen.org/"
| #define HAVE_BLKTAP2 1
| #define QEMU_XEN_PATH "/usr/local/lib/xen/bin/qemu-system-i386"
| #define STDC_HEADERS 1
| #define HAVE_SYS_TYPES_H 1
| #define HAVE_SYS_STAT_H 1
| #define HAVE_STDLIB_H 1
| #define HAVE_STRING_H 1
| #define HAVE_MEMORY_H 1
| #define HAVE_STRINGS_H 1
| #define HAVE_INTTYPES_H 1
| #define HAVE_STDINT_H 1
| #define HAVE_UNISTD_H 1
| /* end confdefs.h.  */
| #include <uuid.h>
configure:7548: result: no
configure:7548: checking for uuid.h
configure:7548: result: no
configure:7561: checking curses.h usability
configure:7561: aarch64-linux-gnu-gcc -c -g -O2    conftest.c >&5
configure:7561: $? = 0
configure:7561: result: yes
configure:7561: checking curses.h presence
configure:7561: aarch64-linux-gnu-gcc -E    conftest.c
configure:7561: $? = 0
configure:7561: result: yes
configure:7561: checking for curses.h
configure:7561: result: yes
configure:7564: checking for clear in -lcurses
configure:7589: aarch64-linux-gnu-gcc -o conftest -g -O2       conftest.c -lcurses   >&5
configure:7589: $? = 0
configure:7598: result: yes
configure:7612: checking ncurses.h usability
configure:7612: aarch64-linux-gnu-gcc -c -g -O2    conftest.c >&5
configure:7612: $? = 0
configure:7612: result: yes
configure:7612: checking ncurses.h presence
configure:7612: aarch64-linux-gnu-gcc -E    conftest.c
configure:7612: $? = 0
configure:7612: result: yes
configure:7612: checking for ncurses.h
configure:7612: result: yes
configure:7615: checking for clear in -lncurses
configure:7640: aarch64-linux-gnu-gcc -o conftest -g -O2       conftest.c -lncurses   >&5
configure:7640: $? = 0
configure:7649: result: yes
configure:7688: checking for define_key in -ltinfo
configure:7713: aarch64-linux-gnu-gcc -o conftest -g -O2       conftest.c -ltinfo   >&5
configure:7713: $? = 0
configure:7722: result: yes
configure:7743: checking for aarch64-linux-gnu-pkg-config
configure:7761: found /usr/bin/aarch64-linux-gnu-pkg-config
configure:7773: result: /usr/bin/aarch64-linux-gnu-pkg-config
configure:7841: checking pkg-config is at least version 0.9.0
configure:7844: result: yes
configure:7856: checking for glib
configure:7863: $PKG_CONFIG --exists --print-errors "glib-2.0 >= 2.12"
configure:7866: $? = 0
configure:7880: $PKG_CONFIG --exists --print-errors "glib-2.0 >= 2.12"
configure:7883: $? = 0
configure:7941: result: yes
configure:7947: checking for pixman
configure:7954: $PKG_CONFIG --exists --print-errors "pixman-1 >= 0.21.8"
configure:7957: $? = 0
configure:7971: $PKG_CONFIG --exists --print-errors "pixman-1 >= 0.21.8"
configure:7974: $? = 0
configure:8032: result: yes
configure:8041: checking for wget
configure:8059: found /usr/bin/wget
configure:8072: result: /usr/bin/wget
configure:8142: checking bzlib.h usability
configure:8142: aarch64-linux-gnu-gcc -c -g -O2    conftest.c >&5
conftest.c:55:19: fatal error: bzlib.h: No such file or directory
 #include <bzlib.h>
                   ^
compilation terminated.
configure:8142: $? = 1
configure: failed program was:
| /* confdefs.h */
| #define PACKAGE_NAME "Xen Hypervisor Tools"
| #define PACKAGE_TARNAME "xen"
| #define PACKAGE_VERSION "4.7"
| #define PACKAGE_STRING "Xen Hypervisor Tools 4.7"
| #define PACKAGE_BUGREPORT "xen-devel@lists.xen.org"
| #define PACKAGE_URL "http://www.xen.org/"
| #define HAVE_BLKTAP2 1
| #define QEMU_XEN_PATH "/usr/local/lib/xen/bin/qemu-system-i386"
| #define STDC_HEADERS 1
| #define HAVE_SYS_TYPES_H 1
| #define HAVE_SYS_STAT_H 1
| #define HAVE_STDLIB_H 1
| #define HAVE_STRING_H 1
| #define HAVE_MEMORY_H 1
| #define HAVE_STRINGS_H 1
| #define HAVE_INTTYPES_H 1
| #define HAVE_STDINT_H 1
| #define HAVE_UNISTD_H 1
| #define INCLUDE_CURSES_H <ncurses.h>
| /* end confdefs.h.  */
| #include <stdio.h>
| #ifdef HAVE_SYS_TYPES_H
| # include <sys/types.h>
| #endif
| #ifdef HAVE_SYS_STAT_H
| # include <sys/stat.h>
| #endif
| #ifdef STDC_HEADERS
| # include <stdlib.h>
| # include <stddef.h>
| #else
| # ifdef HAVE_STDLIB_H
| #  include <stdlib.h>
| # endif
| #endif
| #ifdef HAVE_STRING_H
| # if !defined STDC_HEADERS && defined HAVE_MEMORY_H
| #  include <memory.h>
| # endif
| # include <string.h>
| #endif
| #ifdef HAVE_STRINGS_H
| # include <strings.h>
| #endif
| #ifdef HAVE_INTTYPES_H
| # include <inttypes.h>
| #endif
| #ifdef HAVE_STDINT_H
| # include <stdint.h>
| #endif
| #ifdef HAVE_UNISTD_H
| # include <unistd.h>
| #endif
| #include <bzlib.h>
configure:8142: result: no
configure:8142: checking bzlib.h presence
configure:8142: aarch64-linux-gnu-gcc -E    conftest.c
conftest.c:22:19: fatal error: bzlib.h: No such file or directory
 #include <bzlib.h>
                   ^
compilation terminated.
configure:8142: $? = 1
configure: failed program was:
| /* confdefs.h */
| #define PACKAGE_NAME "Xen Hypervisor Tools"
| #define PACKAGE_TARNAME "xen"
| #define PACKAGE_VERSION "4.7"
| #define PACKAGE_STRING "Xen Hypervisor Tools 4.7"
| #define PACKAGE_BUGREPORT "xen-devel@lists.xen.org"
| #define PACKAGE_URL "http://www.xen.org/"
| #define HAVE_BLKTAP2 1
| #define QEMU_XEN_PATH "/usr/local/lib/xen/bin/qemu-system-i386"
| #define STDC_HEADERS 1
| #define HAVE_SYS_TYPES_H 1
| #define HAVE_SYS_STAT_H 1
| #define HAVE_STDLIB_H 1
| #define HAVE_STRING_H 1
| #define HAVE_MEMORY_H 1
| #define HAVE_STRINGS_H 1
| #define HAVE_INTTYPES_H 1
| #define HAVE_STDINT_H 1
| #define HAVE_UNISTD_H 1
| #define INCLUDE_CURSES_H <ncurses.h>
| /* end confdefs.h.  */
| #include <bzlib.h>
configure:8142: result: no
configure:8142: checking for bzlib.h
configure:8142: result: no
configure:8189: checking lzma.h usability
configure:8189: aarch64-linux-gnu-gcc -c -g -O2    conftest.c >&5
conftest.c:55:18: fatal error: lzma.h: No such file or directory
 #include <lzma.h>
                  ^
compilation terminated.
configure:8189: $? = 1
configure: failed program was:
| /* confdefs.h */
| #define PACKAGE_NAME "Xen Hypervisor Tools"
| #define PACKAGE_TARNAME "xen"
| #define PACKAGE_VERSION "4.7"
| #define PACKAGE_STRING "Xen Hypervisor Tools 4.7"
| #define PACKAGE_BUGREPORT "xen-devel@lists.xen.org"
| #define PACKAGE_URL "http://www.xen.org/"
| #define HAVE_BLKTAP2 1
| #define QEMU_XEN_PATH "/usr/local/lib/xen/bin/qemu-system-i386"
| #define STDC_HEADERS 1
| #define HAVE_SYS_TYPES_H 1
| #define HAVE_SYS_STAT_H 1
| #define HAVE_STDLIB_H 1
| #define HAVE_STRING_H 1
| #define HAVE_MEMORY_H 1
| #define HAVE_STRINGS_H 1
| #define HAVE_INTTYPES_H 1
| #define HAVE_STDINT_H 1
| #define HAVE_UNISTD_H 1
| #define INCLUDE_CURSES_H <ncurses.h>
| /* end confdefs.h.  */
| #include <stdio.h>
| #ifdef HAVE_SYS_TYPES_H
| # include <sys/types.h>
| #endif
| #ifdef HAVE_SYS_STAT_H
| # include <sys/stat.h>
| #endif
| #ifdef STDC_HEADERS
| # include <stdlib.h>
| # include <stddef.h>
| #else
| # ifdef HAVE_STDLIB_H
| #  include <stdlib.h>
| # endif
| #endif
| #ifdef HAVE_STRING_H
| # if !defined STDC_HEADERS && defined HAVE_MEMORY_H
| #  include <memory.h>
| # endif
| # include <string.h>
| #endif
| #ifdef HAVE_STRINGS_H
| # include <strings.h>
| #endif
| #ifdef HAVE_INTTYPES_H
| # include <inttypes.h>
| #endif
| #ifdef HAVE_STDINT_H
| # include <stdint.h>
| #endif
| #ifdef HAVE_UNISTD_H
| # include <unistd.h>
| #endif
| #include <lzma.h>
configure:8189: result: no
configure:8189: checking lzma.h presence
configure:8189: aarch64-linux-gnu-gcc -E    conftest.c
conftest.c:22:18: fatal error: lzma.h: No such file or directory
 #include <lzma.h>
                  ^
compilation terminated.
configure:8189: $? = 1
configure: failed program was:
| /* confdefs.h */
| #define PACKAGE_NAME "Xen Hypervisor Tools"
| #define PACKAGE_TARNAME "xen"
| #define PACKAGE_VERSION "4.7"
| #define PACKAGE_STRING "Xen Hypervisor Tools 4.7"
| #define PACKAGE_BUGREPORT "xen-devel@lists.xen.org"
| #define PACKAGE_URL "http://www.xen.org/"
| #define HAVE_BLKTAP2 1
| #define QEMU_XEN_PATH "/usr/local/lib/xen/bin/qemu-system-i386"
| #define STDC_HEADERS 1
| #define HAVE_SYS_TYPES_H 1
| #define HAVE_SYS_STAT_H 1
| #define HAVE_STDLIB_H 1
| #define HAVE_STRING_H 1
| #define HAVE_MEMORY_H 1
| #define HAVE_STRINGS_H 1
| #define HAVE_INTTYPES_H 1
| #define HAVE_STDINT_H 1
| #define HAVE_UNISTD_H 1
| #define INCLUDE_CURSES_H <ncurses.h>
| /* end confdefs.h.  */
| #include <lzma.h>
configure:8189: result: no
configure:8189: checking for lzma.h
configure:8189: result: no
configure:8236: checking lzo/lzo1x.h usability
configure:8236: aarch64-linux-gnu-gcc -c -g -O2    conftest.c >&5
conftest.c:55:23: fatal error: lzo/lzo1x.h: No such file or directory
 #include <lzo/lzo1x.h>
                       ^
compilation terminated.
configure:8236: $? = 1
configure: failed program was:
| /* confdefs.h */
| #define PACKAGE_NAME "Xen Hypervisor Tools"
| #define PACKAGE_TARNAME "xen"
| #define PACKAGE_VERSION "4.7"
| #define PACKAGE_STRING "Xen Hypervisor Tools 4.7"
| #define PACKAGE_BUGREPORT "xen-devel@lists.xen.org"
| #define PACKAGE_URL "http://www.xen.org/"
| #define HAVE_BLKTAP2 1
| #define QEMU_XEN_PATH "/usr/local/lib/xen/bin/qemu-system-i386"
| #define STDC_HEADERS 1
| #define HAVE_SYS_TYPES_H 1
| #define HAVE_SYS_STAT_H 1
| #define HAVE_STDLIB_H 1
| #define HAVE_STRING_H 1
| #define HAVE_MEMORY_H 1
| #define HAVE_STRINGS_H 1
| #define HAVE_INTTYPES_H 1
| #define HAVE_STDINT_H 1
| #define HAVE_UNISTD_H 1
| #define INCLUDE_CURSES_H <ncurses.h>
| /* end confdefs.h.  */
| #include <stdio.h>
| #ifdef HAVE_SYS_TYPES_H
| # include <sys/types.h>
| #endif
| #ifdef HAVE_SYS_STAT_H
| # include <sys/stat.h>
| #endif
| #ifdef STDC_HEADERS
| # include <stdlib.h>
| # include <stddef.h>
| #else
| # ifdef HAVE_STDLIB_H
| #  include <stdlib.h>
| # endif
| #endif
| #ifdef HAVE_STRING_H
| # if !defined STDC_HEADERS && defined HAVE_MEMORY_H
| #  include <memory.h>
| # endif
| # include <string.h>
| #endif
| #ifdef HAVE_STRINGS_H
| # include <strings.h>
| #endif
| #ifdef HAVE_INTTYPES_H
| # include <inttypes.h>
| #endif
| #ifdef HAVE_STDINT_H
| # include <stdint.h>
| #endif
| #ifdef HAVE_UNISTD_H
| # include <unistd.h>
| #endif
| #include <lzo/lzo1x.h>
configure:8236: result: no
configure:8236: checking lzo/lzo1x.h presence
configure:8236: aarch64-linux-gnu-gcc -E    conftest.c
conftest.c:22:23: fatal error: lzo/lzo1x.h: No such file or directory
 #include <lzo/lzo1x.h>
                       ^
compilation terminated.
configure:8236: $? = 1
configure: failed program was:
| /* confdefs.h */
| #define PACKAGE_NAME "Xen Hypervisor Tools"
| #define PACKAGE_TARNAME "xen"
| #define PACKAGE_VERSION "4.7"
| #define PACKAGE_STRING "Xen Hypervisor Tools 4.7"
| #define PACKAGE_BUGREPORT "xen-devel@lists.xen.org"
| #define PACKAGE_URL "http://www.xen.org/"
| #define HAVE_BLKTAP2 1
| #define QEMU_XEN_PATH "/usr/local/lib/xen/bin/qemu-system-i386"
| #define STDC_HEADERS 1
| #define HAVE_SYS_TYPES_H 1
| #define HAVE_SYS_STAT_H 1
| #define HAVE_STDLIB_H 1
| #define HAVE_STRING_H 1
| #define HAVE_MEMORY_H 1
| #define HAVE_STRINGS_H 1
| #define HAVE_INTTYPES_H 1
| #define HAVE_STDINT_H 1
| #define HAVE_UNISTD_H 1
| #define INCLUDE_CURSES_H <ncurses.h>
| /* end confdefs.h.  */
| #include <lzo/lzo1x.h>
configure:8236: result: no
configure:8236: checking for lzo/lzo1x.h
configure:8236: result: no
configure:8286: checking for io_setup in -laio
configure:8311: aarch64-linux-gnu-gcc -o conftest -g -O2       conftest.c -laio   >&5
configure:8311: $? = 0
configure:8320: result: yes
configure:8337: checking ext2fs/ext2fs.h usability
configure:8337: aarch64-linux-gnu-gcc -c -g -O2    conftest.c >&5
conftest.c:56:27: fatal error: ext2fs/ext2fs.h: No such file or directory
 #include <ext2fs/ext2fs.h>
                           ^
compilation terminated.
configure:8337: $? = 1
configure: failed program was:
| /* confdefs.h */
| #define PACKAGE_NAME "Xen Hypervisor Tools"
| #define PACKAGE_TARNAME "xen"
| #define PACKAGE_VERSION "4.7"
| #define PACKAGE_STRING "Xen Hypervisor Tools 4.7"
| #define PACKAGE_BUGREPORT "xen-devel@lists.xen.org"
| #define PACKAGE_URL "http://www.xen.org/"
| #define HAVE_BLKTAP2 1
| #define QEMU_XEN_PATH "/usr/local/lib/xen/bin/qemu-system-i386"
| #define STDC_HEADERS 1
| #define HAVE_SYS_TYPES_H 1
| #define HAVE_SYS_STAT_H 1
| #define HAVE_STDLIB_H 1
| #define HAVE_STRING_H 1
| #define HAVE_MEMORY_H 1
| #define HAVE_STRINGS_H 1
| #define HAVE_INTTYPES_H 1
| #define HAVE_STDINT_H 1
| #define HAVE_UNISTD_H 1
| #define INCLUDE_CURSES_H <ncurses.h>
| #define HAVE_LIBAIO 1
| /* end confdefs.h.  */
| #include <stdio.h>
| #ifdef HAVE_SYS_TYPES_H
| # include <sys/types.h>
| #endif
| #ifdef HAVE_SYS_STAT_H
| # include <sys/stat.h>
| #endif
| #ifdef STDC_HEADERS
| # include <stdlib.h>
| # include <stddef.h>
| #else
| # ifdef HAVE_STDLIB_H
| #  include <stdlib.h>
| # endif
| #endif
| #ifdef HAVE_STRING_H
| # if !defined STDC_HEADERS && defined HAVE_MEMORY_H
| #  include <memory.h>
| # endif
| # include <string.h>
| #endif
| #ifdef HAVE_STRINGS_H
| # include <strings.h>
| #endif
| #ifdef HAVE_INTTYPES_H
| # include <inttypes.h>
| #endif
| #ifdef HAVE_STDINT_H
| # include <stdint.h>
| #endif
| #ifdef HAVE_UNISTD_H
| # include <unistd.h>
| #endif
| #include <ext2fs/ext2fs.h>
configure:8337: result: no
configure:8337: checking ext2fs/ext2fs.h presence
configure:8337: aarch64-linux-gnu-gcc -E    conftest.c
conftest.c:23:27: fatal error: ext2fs/ext2fs.h: No such file or directory
 #include <ext2fs/ext2fs.h>
                           ^
compilation terminated.
configure:8337: $? = 1
configure: failed program was:
| /* confdefs.h */
| #define PACKAGE_NAME "Xen Hypervisor Tools"
| #define PACKAGE_TARNAME "xen"
| #define PACKAGE_VERSION "4.7"
| #define PACKAGE_STRING "Xen Hypervisor Tools 4.7"
| #define PACKAGE_BUGREPORT "xen-devel@lists.xen.org"
| #define PACKAGE_URL "http://www.xen.org/"
| #define HAVE_BLKTAP2 1
| #define QEMU_XEN_PATH "/usr/local/lib/xen/bin/qemu-system-i386"
| #define STDC_HEADERS 1
| #define HAVE_SYS_TYPES_H 1
| #define HAVE_SYS_STAT_H 1
| #define HAVE_STDLIB_H 1
| #define HAVE_STRING_H 1
| #define HAVE_MEMORY_H 1
| #define HAVE_STRINGS_H 1
| #define HAVE_INTTYPES_H 1
| #define HAVE_STDINT_H 1
| #define HAVE_UNISTD_H 1
| #define INCLUDE_CURSES_H <ncurses.h>
| #define HAVE_LIBAIO 1
| /* end confdefs.h.  */
| #include <ext2fs/ext2fs.h>
configure:8337: result: no
configure:8337: checking for ext2fs/ext2fs.h
configure:8337: result: no
configure:8389: checking ext4fs/ext2fs.h usability
configure:8389: aarch64-linux-gnu-gcc -c -g -O2    conftest.c >&5
conftest.c:56:27: fatal error: ext4fs/ext2fs.h: No such file or directory
 #include <ext4fs/ext2fs.h>
                           ^
compilation terminated.
configure:8389: $? = 1
configure: failed program was:
| /* confdefs.h */
| #define PACKAGE_NAME "Xen Hypervisor Tools"
| #define PACKAGE_TARNAME "xen"
| #define PACKAGE_VERSION "4.7"
| #define PACKAGE_STRING "Xen Hypervisor Tools 4.7"
| #define PACKAGE_BUGREPORT "xen-devel@lists.xen.org"
| #define PACKAGE_URL "http://www.xen.org/"
| #define HAVE_BLKTAP2 1
| #define QEMU_XEN_PATH "/usr/local/lib/xen/bin/qemu-system-i386"
| #define STDC_HEADERS 1
| #define HAVE_SYS_TYPES_H 1
| #define HAVE_SYS_STAT_H 1
| #define HAVE_STDLIB_H 1
| #define HAVE_STRING_H 1
| #define HAVE_MEMORY_H 1
| #define HAVE_STRINGS_H 1
| #define HAVE_INTTYPES_H 1
| #define HAVE_STDINT_H 1
| #define HAVE_UNISTD_H 1
| #define INCLUDE_CURSES_H <ncurses.h>
| #define HAVE_LIBAIO 1
| /* end confdefs.h.  */
| #include <stdio.h>
| #ifdef HAVE_SYS_TYPES_H
| # include <sys/types.h>
| #endif
| #ifdef HAVE_SYS_STAT_H
| # include <sys/stat.h>
| #endif
| #ifdef STDC_HEADERS
| # include <stdlib.h>
| # include <stddef.h>
| #else
| # ifdef HAVE_STDLIB_H
| #  include <stdlib.h>
| # endif
| #endif
| #ifdef HAVE_STRING_H
| # if !defined STDC_HEADERS && defined HAVE_MEMORY_H
| #  include <memory.h>
| # endif
| # include <string.h>
| #endif
| #ifdef HAVE_STRINGS_H
| # include <strings.h>
| #endif
| #ifdef HAVE_INTTYPES_H
| # include <inttypes.h>
| #endif
| #ifdef HAVE_STDINT_H
| # include <stdint.h>
| #endif
| #ifdef HAVE_UNISTD_H
| # include <unistd.h>
| #endif
| #include <ext4fs/ext2fs.h>
configure:8389: result: no
configure:8389: checking ext4fs/ext2fs.h presence
configure:8389: aarch64-linux-gnu-gcc -E    conftest.c
conftest.c:23:27: fatal error: ext4fs/ext2fs.h: No such file or directory
 #include <ext4fs/ext2fs.h>
                           ^
compilation terminated.
configure:8389: $? = 1
configure: failed program was:
| /* confdefs.h */
| #define PACKAGE_NAME "Xen Hypervisor Tools"
| #define PACKAGE_TARNAME "xen"
| #define PACKAGE_VERSION "4.7"
| #define PACKAGE_STRING "Xen Hypervisor Tools 4.7"
| #define PACKAGE_BUGREPORT "xen-devel@lists.xen.org"
| #define PACKAGE_URL "http://www.xen.org/"
| #define HAVE_BLKTAP2 1
| #define QEMU_XEN_PATH "/usr/local/lib/xen/bin/qemu-system-i386"
| #define STDC_HEADERS 1
| #define HAVE_SYS_TYPES_H 1
| #define HAVE_SYS_STAT_H 1
| #define HAVE_STDLIB_H 1
| #define HAVE_STRING_H 1
| #define HAVE_MEMORY_H 1
| #define HAVE_STRINGS_H 1
| #define HAVE_INTTYPES_H 1
| #define HAVE_STDINT_H 1
| #define HAVE_UNISTD_H 1
| #define INCLUDE_CURSES_H <ncurses.h>
| #define HAVE_LIBAIO 1
| /* end confdefs.h.  */
| #include <ext4fs/ext2fs.h>
configure:8389: result: no
configure:8389: checking for ext4fs/ext2fs.h
configure:8389: result: no
configure:8443: checking for gcry_md_hash_buffer in -lgcrypt
configure:8468: aarch64-linux-gnu-gcc -o conftest -g -O2       conftest.c -lgcrypt  -laio  >&5
/usr/lib/gcc-cross/aarch64-linux-gnu/4.8/../../../../aarch64-linux-gnu/bin/ld: cannot find -lgcrypt
collect2: error: ld returned 1 exit status
configure:8468: $? = 1
configure: failed program was:
| /* confdefs.h */
| #define PACKAGE_NAME "Xen Hypervisor Tools"
| #define PACKAGE_TARNAME "xen"
| #define PACKAGE_VERSION "4.7"
| #define PACKAGE_STRING "Xen Hypervisor Tools 4.7"
| #define PACKAGE_BUGREPORT "xen-devel@lists.xen.org"
| #define PACKAGE_URL "http://www.xen.org/"
| #define HAVE_BLKTAP2 1
| #define QEMU_XEN_PATH "/usr/local/lib/xen/bin/qemu-system-i386"
| #define STDC_HEADERS 1
| #define HAVE_SYS_TYPES_H 1
| #define HAVE_SYS_STAT_H 1
| #define HAVE_STDLIB_H 1
| #define HAVE_STRING_H 1
| #define HAVE_MEMORY_H 1
| #define HAVE_STRINGS_H 1
| #define HAVE_INTTYPES_H 1
| #define HAVE_STDINT_H 1
| #define HAVE_UNISTD_H 1
| #define INCLUDE_CURSES_H <ncurses.h>
| #define HAVE_LIBAIO 1
| /* end confdefs.h.  */
| 
| /* Override any GCC internal prototype to avoid an error.
|    Use char because int might match the return type of a GCC
|    builtin and then its argument prototype would still apply.  */
| #ifdef __cplusplus
| extern "C"
| #endif
| char gcry_md_hash_buffer ();
| int
| main ()
| {
| return gcry_md_hash_buffer ();
|   ;
|   return 0;
| }
configure:8477: result: no
configure:8487: checking for pthread flag
configure:8523: aarch64-linux-gnu-gcc -o conftest -g -O2 -pthread       -pthread conftest.c -laio   >&5
configure:8523: $? = 0
configure:8539: result: -pthread
configure:8556: checking libutil.h usability
configure:8556: aarch64-linux-gnu-gcc -c -g -O2    -Werror conftest.c >&5
conftest.c:56:21: fatal error: libutil.h: No such file or directory
 #include <libutil.h>
                     ^
compilation terminated.
configure:8556: $? = 1
configure: failed program was:
| /* confdefs.h */
| #define PACKAGE_NAME "Xen Hypervisor Tools"
| #define PACKAGE_TARNAME "xen"
| #define PACKAGE_VERSION "4.7"
| #define PACKAGE_STRING "Xen Hypervisor Tools 4.7"
| #define PACKAGE_BUGREPORT "xen-devel@lists.xen.org"
| #define PACKAGE_URL "http://www.xen.org/"
| #define HAVE_BLKTAP2 1
| #define QEMU_XEN_PATH "/usr/local/lib/xen/bin/qemu-system-i386"
| #define STDC_HEADERS 1
| #define HAVE_SYS_TYPES_H 1
| #define HAVE_SYS_STAT_H 1
| #define HAVE_STDLIB_H 1
| #define HAVE_STRING_H 1
| #define HAVE_MEMORY_H 1
| #define HAVE_STRINGS_H 1
| #define HAVE_INTTYPES_H 1
| #define HAVE_STDINT_H 1
| #define HAVE_UNISTD_H 1
| #define INCLUDE_CURSES_H <ncurses.h>
| #define HAVE_LIBAIO 1
| /* end confdefs.h.  */
| #include <stdio.h>
| #ifdef HAVE_SYS_TYPES_H
| # include <sys/types.h>
| #endif
| #ifdef HAVE_SYS_STAT_H
| # include <sys/stat.h>
| #endif
| #ifdef STDC_HEADERS
| # include <stdlib.h>
| # include <stddef.h>
| #else
| # ifdef HAVE_STDLIB_H
| #  include <stdlib.h>
| # endif
| #endif
| #ifdef HAVE_STRING_H
| # if !defined STDC_HEADERS && defined HAVE_MEMORY_H
| #  include <memory.h>
| # endif
| # include <string.h>
| #endif
| #ifdef HAVE_STRINGS_H
| # include <strings.h>
| #endif
| #ifdef HAVE_INTTYPES_H
| # include <inttypes.h>
| #endif
| #ifdef HAVE_STDINT_H
| # include <stdint.h>
| #endif
| #ifdef HAVE_UNISTD_H
| # include <unistd.h>
| #endif
| #include <libutil.h>
configure:8556: result: no
configure:8556: checking libutil.h presence
configure:8556: aarch64-linux-gnu-gcc -E    -Werror conftest.c
conftest.c:23:21: fatal error: libutil.h: No such file or directory
 #include <libutil.h>
                     ^
compilation terminated.
configure:8556: $? = 1
configure: failed program was:
| /* confdefs.h */
| #define PACKAGE_NAME "Xen Hypervisor Tools"
| #define PACKAGE_TARNAME "xen"
| #define PACKAGE_VERSION "4.7"
| #define PACKAGE_STRING "Xen Hypervisor Tools 4.7"
| #define PACKAGE_BUGREPORT "xen-devel@lists.xen.org"
| #define PACKAGE_URL "http://www.xen.org/"
| #define HAVE_BLKTAP2 1
| #define QEMU_XEN_PATH "/usr/local/lib/xen/bin/qemu-system-i386"
| #define STDC_HEADERS 1
| #define HAVE_SYS_TYPES_H 1
| #define HAVE_SYS_STAT_H 1
| #define HAVE_STDLIB_H 1
| #define HAVE_STRING_H 1
| #define HAVE_MEMORY_H 1
| #define HAVE_STRINGS_H 1
| #define HAVE_INTTYPES_H 1
| #define HAVE_STDINT_H 1
| #define HAVE_UNISTD_H 1
| #define INCLUDE_CURSES_H <ncurses.h>
| #define HAVE_LIBAIO 1
| /* end confdefs.h.  */
| #include <libutil.h>
configure:8556: result: no
configure:8556: checking for libutil.h
configure:8556: result: no
configure:8569: checking for openpty et al
configure:8598: aarch64-linux-gnu-gcc -o conftest -g -O2       conftest.c -laio  -lutil >&5
configure:8598: $? = 0
configure:8611: result: -lutil
configure:8617: checking for deflateCopy in -lz
configure:8642: aarch64-linux-gnu-gcc -o conftest -g -O2       conftest.c -lz  -laio  -lutil >&5
configure:8642: $? = 0
configure:8651: result: yes
configure:8664: checking for libiconv_open in -liconv
configure:8689: aarch64-linux-gnu-gcc -o conftest -g -O2       conftest.c -liconv  -lz -laio  -lutil >&5
/usr/lib/gcc-cross/aarch64-linux-gnu/4.8/../../../../aarch64-linux-gnu/bin/ld: cannot find -liconv
collect2: error: ld returned 1 exit status
configure:8689: $? = 1
configure: failed program was:
| /* confdefs.h */
| #define PACKAGE_NAME "Xen Hypervisor Tools"
| #define PACKAGE_TARNAME "xen"
| #define PACKAGE_VERSION "4.7"
| #define PACKAGE_STRING "Xen Hypervisor Tools 4.7"
| #define PACKAGE_BUGREPORT "xen-devel@lists.xen.org"
| #define PACKAGE_URL "http://www.xen.org/"
| #define HAVE_BLKTAP2 1
| #define QEMU_XEN_PATH "/usr/local/lib/xen/bin/qemu-system-i386"
| #define STDC_HEADERS 1
| #define HAVE_SYS_TYPES_H 1
| #define HAVE_SYS_STAT_H 1
| #define HAVE_STDLIB_H 1
| #define HAVE_STRING_H 1
| #define HAVE_MEMORY_H 1
| #define HAVE_STRINGS_H 1
| #define HAVE_INTTYPES_H 1
| #define HAVE_STDINT_H 1
| #define HAVE_UNISTD_H 1
| #define INCLUDE_CURSES_H <ncurses.h>
| #define HAVE_LIBAIO 1
| #define HAVE_LIBZ 1
| /* end confdefs.h.  */
| 
| /* Override any GCC internal prototype to avoid an error.
|    Use char because int might match the return type of a GCC
|    builtin and then its argument prototype would still apply.  */
| #ifdef __cplusplus
| extern "C"
| #endif
| char libiconv_open ();
| int
| main ()
| {
| return libiconv_open ();
|   ;
|   return 0;
| }
configure:8698: result: no
configure:8707: checking argp.h usability
configure:8707: aarch64-linux-gnu-gcc -c -g -O2    conftest.c >&5
configure:8707: $? = 0
configure:8707: result: yes
configure:8707: checking argp.h presence
configure:8707: aarch64-linux-gnu-gcc -E    conftest.c
configure:8707: $? = 0
configure:8707: result: yes
configure:8707: checking for argp.h
configure:8707: result: yes
configure:8710: checking for argp_usage in -largp
configure:8735: aarch64-linux-gnu-gcc -o conftest -g -O2       conftest.c -largp  -lz -laio  -lutil >&5
/usr/lib/gcc-cross/aarch64-linux-gnu/4.8/../../../../aarch64-linux-gnu/bin/ld: cannot find -largp
collect2: error: ld returned 1 exit status
configure:8735: $? = 1
configure: failed program was:
| /* confdefs.h */
| #define PACKAGE_NAME "Xen Hypervisor Tools"
| #define PACKAGE_TARNAME "xen"
| #define PACKAGE_VERSION "4.7"
| #define PACKAGE_STRING "Xen Hypervisor Tools 4.7"
| #define PACKAGE_BUGREPORT "xen-devel@lists.xen.org"
| #define PACKAGE_URL "http://www.xen.org/"
| #define HAVE_BLKTAP2 1
| #define QEMU_XEN_PATH "/usr/local/lib/xen/bin/qemu-system-i386"
| #define STDC_HEADERS 1
| #define HAVE_SYS_TYPES_H 1
| #define HAVE_SYS_STAT_H 1
| #define HAVE_STDLIB_H 1
| #define HAVE_STRING_H 1
| #define HAVE_MEMORY_H 1
| #define HAVE_STRINGS_H 1
| #define HAVE_INTTYPES_H 1
| #define HAVE_STDINT_H 1
| #define HAVE_UNISTD_H 1
| #define INCLUDE_CURSES_H <ncurses.h>
| #define HAVE_LIBAIO 1
| #define HAVE_LIBZ 1
| /* end confdefs.h.  */
| 
| /* Override any GCC internal prototype to avoid an error.
|    Use char because int might match the return type of a GCC
|    builtin and then its argument prototype would still apply.  */
| #ifdef __cplusplus
| extern "C"
| #endif
| char argp_usage ();
| int
| main ()
| {
| return argp_usage ();
|   ;
|   return 0;
| }
configure:8744: result: no
configure:8761: checking for fdt_create in -lfdt
configure:8786: aarch64-linux-gnu-gcc -o conftest -g -O2       conftest.c -lfdt  -lz -laio  -lutil >&5
configure:8786: $? = 0
configure:8795: result: yes
configure:8813: checking for fdt_first_property_offset
configure:8813: aarch64-linux-gnu-gcc -o conftest -g -O2       conftest.c -lfdt -lz -laio  -lutil >&5
configure:8813: $? = 0
configure:8813: result: yes
configure:8838: checking for fdt_first_subnode
configure:8838: aarch64-linux-gnu-gcc -o conftest -g -O2       conftest.c -lfdt -lz -laio  -lutil >&5
/tmp/ccaSUiMW.o: In function `main':
/home/amna/Thesis/xen/xen/xen/tools/conftest.c:60: undefined reference to `fdt_first_subnode'
collect2: error: ld returned 1 exit status
configure:8838: $? = 1
configure: failed program was:
| /* confdefs.h */
| #define PACKAGE_NAME "Xen Hypervisor Tools"
| #define PACKAGE_TARNAME "xen"
| #define PACKAGE_VERSION "4.7"
| #define PACKAGE_STRING "Xen Hypervisor Tools 4.7"
| #define PACKAGE_BUGREPORT "xen-devel@lists.xen.org"
| #define PACKAGE_URL "http://www.xen.org/"
| #define HAVE_BLKTAP2 1
| #define QEMU_XEN_PATH "/usr/local/lib/xen/bin/qemu-system-i386"
| #define STDC_HEADERS 1
| #define HAVE_SYS_TYPES_H 1
| #define HAVE_SYS_STAT_H 1
| #define HAVE_STDLIB_H 1
| #define HAVE_STRING_H 1
| #define HAVE_MEMORY_H 1
| #define HAVE_STRINGS_H 1
| #define HAVE_INTTYPES_H 1
| #define HAVE_STDINT_H 1
| #define HAVE_UNISTD_H 1
| #define INCLUDE_CURSES_H <ncurses.h>
| #define HAVE_LIBAIO 1
| #define HAVE_LIBZ 1
| #define HAVE_LIBFDT 1
| #define ENABLE_PARTIAL_DEVICE_TREE 1
| /* end confdefs.h.  */
| /* Define fdt_first_subnode to an innocuous variant, in case <limits.h> declares fdt_first_subnode.
|    For example, HP-UX 11i <limits.h> declares gettimeofday.  */
| #define fdt_first_subnode innocuous_fdt_first_subnode
| 
| /* System header to define __stub macros and hopefully few prototypes,
|     which can conflict with char fdt_first_subnode (); below.
|     Prefer <limits.h> to <assert.h> if __STDC__ is defined, since
|     <limits.h> exists even on freestanding compilers.  */
| 
| #ifdef __STDC__
| # include <limits.h>
| #else
| # include <assert.h>
| #endif
| 
| #undef fdt_first_subnode
| 
| /* Override any GCC internal prototype to avoid an error.
|    Use char because int might match the return type of a GCC
|    builtin and then its argument prototype would still apply.  */
| #ifdef __cplusplus
| extern "C"
| #endif
| char fdt_first_subnode ();
| /* The GNU C library defines this for functions which it implements
|     to always fail with ENOSYS.  Some functions are actually named
|     something starting with __ and the normal name is an alias.  */
| #if defined __stub_fdt_first_subnode || defined __stub___fdt_first_subnode
| choke me
| #endif
| 
| int
| main ()
| {
| return fdt_first_subnode ();
|   ;
|   return 0;
| }
configure:8838: result: no
configure:8838: checking for fdt_next_subnode
configure:8838: aarch64-linux-gnu-gcc -o conftest -g -O2       conftest.c -lfdt -lz -laio  -lutil >&5
/tmp/ccwroX5X.o: In function `main':
/home/amna/Thesis/xen/xen/xen/tools/conftest.c:60: undefined reference to `fdt_next_subnode'
collect2: error: ld returned 1 exit status
configure:8838: $? = 1
configure: failed program was:
| /* confdefs.h */
| #define PACKAGE_NAME "Xen Hypervisor Tools"
| #define PACKAGE_TARNAME "xen"
| #define PACKAGE_VERSION "4.7"
| #define PACKAGE_STRING "Xen Hypervisor Tools 4.7"
| #define PACKAGE_BUGREPORT "xen-devel@lists.xen.org"
| #define PACKAGE_URL "http://www.xen.org/"
| #define HAVE_BLKTAP2 1
| #define QEMU_XEN_PATH "/usr/local/lib/xen/bin/qemu-system-i386"
| #define STDC_HEADERS 1
| #define HAVE_SYS_TYPES_H 1
| #define HAVE_SYS_STAT_H 1
| #define HAVE_STDLIB_H 1
| #define HAVE_STRING_H 1
| #define HAVE_MEMORY_H 1
| #define HAVE_STRINGS_H 1
| #define HAVE_INTTYPES_H 1
| #define HAVE_STDINT_H 1
| #define HAVE_UNISTD_H 1
| #define INCLUDE_CURSES_H <ncurses.h>
| #define HAVE_LIBAIO 1
| #define HAVE_LIBZ 1
| #define HAVE_LIBFDT 1
| #define ENABLE_PARTIAL_DEVICE_TREE 1
| /* end confdefs.h.  */
| /* Define fdt_next_subnode to an innocuous variant, in case <limits.h> declares fdt_next_subnode.
|    For example, HP-UX 11i <limits.h> declares gettimeofday.  */
| #define fdt_next_subnode innocuous_fdt_next_subnode
| 
| /* System header to define __stub macros and hopefully few prototypes,
|     which can conflict with char fdt_next_subnode (); below.
|     Prefer <limits.h> to <assert.h> if __STDC__ is defined, since
|     <limits.h> exists even on freestanding compilers.  */
| 
| #ifdef __STDC__
| # include <limits.h>
| #else
| # include <assert.h>
| #endif
| 
| #undef fdt_next_subnode
| 
| /* Override any GCC internal prototype to avoid an error.
|    Use char because int might match the return type of a GCC
|    builtin and then its argument prototype would still apply.  */
| #ifdef __cplusplus
| extern "C"
| #endif
| char fdt_next_subnode ();
| /* The GNU C library defines this for functions which it implements
|     to always fail with ENOSYS.  Some functions are actually named
|     something starting with __ and the normal name is an alias.  */
| #if defined __stub_fdt_next_subnode || defined __stub___fdt_next_subnode
| choke me
| #endif
| 
| int
| main ()
| {
| return fdt_next_subnode ();
|   ;
|   return 0;
| }
configure:8838: result: no
configure:8847: checking whether fdt_first_subnode is declared
configure:8847: aarch64-linux-gnu-gcc -c -g -O2    conftest.c >&5
configure:8847: $? = 0
configure:8847: result: yes
configure:8858: checking whether fdt_next_subnode is declared
configure:8858: aarch64-linux-gnu-gcc -c -g -O2    conftest.c >&5
configure:8858: $? = 0
configure:8858: result: yes
configure:8873: checking whether fdt_property_u32 is declared
configure:8873: aarch64-linux-gnu-gcc -c -g -O2    conftest.c >&5
configure:8873: $? = 0
configure:8873: result: yes
configure:8891: checking yajl/yajl_version.h usability
configure:8891: aarch64-linux-gnu-gcc -c -g -O2    conftest.c >&5
configure:8891: $? = 0
configure:8891: result: yes
configure:8891: checking yajl/yajl_version.h presence
configure:8891: aarch64-linux-gnu-gcc -E    conftest.c
configure:8891: $? = 0
configure:8891: result: yes
configure:8891: checking for yajl/yajl_version.h
configure:8891: result: yes
configure:8891: checking sys/eventfd.h usability
configure:8891: aarch64-linux-gnu-gcc -c -g -O2    conftest.c >&5
configure:8891: $? = 0
configure:8891: result: yes
configure:8891: checking sys/eventfd.h presence
configure:8891: aarch64-linux-gnu-gcc -E    conftest.c
configure:8891: $? = 0
configure:8891: result: yes
configure:8891: checking for sys/eventfd.h
configure:8891: result: yes
configure:8891: checking valgrind/memcheck.h usability
configure:8891: aarch64-linux-gnu-gcc -c -g -O2    conftest.c >&5
conftest.c:64:31: fatal error: valgrind/memcheck.h: No such file or directory
 #include <valgrind/memcheck.h>
                               ^
compilation terminated.
configure:8891: $? = 1
configure: failed program was:
| /* confdefs.h */
| #define PACKAGE_NAME "Xen Hypervisor Tools"
| #define PACKAGE_TARNAME "xen"
| #define PACKAGE_VERSION "4.7"
| #define PACKAGE_STRING "Xen Hypervisor Tools 4.7"
| #define PACKAGE_BUGREPORT "xen-devel@lists.xen.org"
| #define PACKAGE_URL "http://www.xen.org/"
| #define HAVE_BLKTAP2 1
| #define QEMU_XEN_PATH "/usr/local/lib/xen/bin/qemu-system-i386"
| #define STDC_HEADERS 1
| #define HAVE_SYS_TYPES_H 1
| #define HAVE_SYS_STAT_H 1
| #define HAVE_STDLIB_H 1
| #define HAVE_STRING_H 1
| #define HAVE_MEMORY_H 1
| #define HAVE_STRINGS_H 1
| #define HAVE_INTTYPES_H 1
| #define HAVE_STDINT_H 1
| #define HAVE_UNISTD_H 1
| #define INCLUDE_CURSES_H <ncurses.h>
| #define HAVE_LIBAIO 1
| #define HAVE_LIBZ 1
| #define HAVE_LIBFDT 1
| #define ENABLE_PARTIAL_DEVICE_TREE 1
| #define HAVE_DECL_FDT_FIRST_SUBNODE 1
| #define HAVE_DECL_FDT_NEXT_SUBNODE 1
| #define HAVE_DECL_FDT_PROPERTY_U32 1
| #define HAVE_YAJL_YAJL_VERSION_H 1
| #define HAVE_SYS_EVENTFD_H 1
| /* end confdefs.h.  */
| #include <stdio.h>
| #ifdef HAVE_SYS_TYPES_H
| # include <sys/types.h>
| #endif
| #ifdef HAVE_SYS_STAT_H
| # include <sys/stat.h>
| #endif
| #ifdef STDC_HEADERS
| # include <stdlib.h>
| # include <stddef.h>
| #else
| # ifdef HAVE_STDLIB_H
| #  include <stdlib.h>
| # endif
| #endif
| #ifdef HAVE_STRING_H
| # if !defined STDC_HEADERS && defined HAVE_MEMORY_H
| #  include <memory.h>
| # endif
| # include <string.h>
| #endif
| #ifdef HAVE_STRINGS_H
| # include <strings.h>
| #endif
| #ifdef HAVE_INTTYPES_H
| # include <inttypes.h>
| #endif
| #ifdef HAVE_STDINT_H
| # include <stdint.h>
| #endif
| #ifdef HAVE_UNISTD_H
| # include <unistd.h>
| #endif
| #include <valgrind/memcheck.h>
configure:8891: result: no
configure:8891: checking valgrind/memcheck.h presence
configure:8891: aarch64-linux-gnu-gcc -E    conftest.c
conftest.c:31:31: fatal error: valgrind/memcheck.h: No such file or directory
 #include <valgrind/memcheck.h>
                               ^
compilation terminated.
configure:8891: $? = 1
configure: failed program was:
| /* confdefs.h */
| #define PACKAGE_NAME "Xen Hypervisor Tools"
| #define PACKAGE_TARNAME "xen"
| #define PACKAGE_VERSION "4.7"
| #define PACKAGE_STRING "Xen Hypervisor Tools 4.7"
| #define PACKAGE_BUGREPORT "xen-devel@lists.xen.org"
| #define PACKAGE_URL "http://www.xen.org/"
| #define HAVE_BLKTAP2 1
| #define QEMU_XEN_PATH "/usr/local/lib/xen/bin/qemu-system-i386"
| #define STDC_HEADERS 1
| #define HAVE_SYS_TYPES_H 1
| #define HAVE_SYS_STAT_H 1
| #define HAVE_STDLIB_H 1
| #define HAVE_STRING_H 1
| #define HAVE_MEMORY_H 1
| #define HAVE_STRINGS_H 1
| #define HAVE_INTTYPES_H 1
| #define HAVE_STDINT_H 1
| #define HAVE_UNISTD_H 1
| #define INCLUDE_CURSES_H <ncurses.h>
| #define HAVE_LIBAIO 1
| #define HAVE_LIBZ 1
| #define HAVE_LIBFDT 1
| #define ENABLE_PARTIAL_DEVICE_TREE 1
| #define HAVE_DECL_FDT_FIRST_SUBNODE 1
| #define HAVE_DECL_FDT_NEXT_SUBNODE 1
| #define HAVE_DECL_FDT_PROPERTY_U32 1
| #define HAVE_YAJL_YAJL_VERSION_H 1
| #define HAVE_SYS_EVENTFD_H 1
| /* end confdefs.h.  */
| #include <valgrind/memcheck.h>
configure:8891: result: no
configure:8891: checking for valgrind/memcheck.h
configure:8891: result: no
configure:8891: checking utmp.h usability
configure:8891: aarch64-linux-gnu-gcc -c -g -O2    conftest.c >&5
configure:8891: $? = 0
configure:8891: result: yes
configure:8891: checking utmp.h presence
configure:8891: aarch64-linux-gnu-gcc -E    conftest.c
configure:8891: $? = 0
configure:8891: result: yes
configure:8891: checking for utmp.h
configure:8891: result: yes
configure:8905: checking for LIBNL3
configure:8912: $PKG_CONFIG --exists --print-errors "libnl-3.0 >= 3.2.8 libnl-route-3.0 >= 3.2.8"
Package libnl-3.0 was not found in the pkg-config search path.
Perhaps you should add the directory containing `libnl-3.0.pc'
to the PKG_CONFIG_PATH environment variable
No package 'libnl-3.0' found
Package libnl-route-3.0 was not found in the pkg-config search path.
Perhaps you should add the directory containing `libnl-route-3.0.pc'
to the PKG_CONFIG_PATH environment variable
No package 'libnl-route-3.0' found
configure:8915: $? = 1
configure:8929: $PKG_CONFIG --exists --print-errors "libnl-3.0 >= 3.2.8 libnl-route-3.0 >= 3.2.8"
Package libnl-3.0 was not found in the pkg-config search path.
Perhaps you should add the directory containing `libnl-3.0.pc'
to the PKG_CONFIG_PATH environment variable
No package 'libnl-3.0' found
Package libnl-route-3.0 was not found in the pkg-config search path.
Perhaps you should add the directory containing `libnl-route-3.0.pc'
to the PKG_CONFIG_PATH environment variable
No package 'libnl-route-3.0' found
configure:8932: $? = 1
configure:8946: result: no
No package 'libnl-3.0' found
No package 'libnl-route-3.0' found
configure:8979: WARNING: Disabling support for Remus network buffering and COLO.
    Please install libnl3 libraries (including libnl3-route), command line tools and devel
    headers - version 3.2.8 or higher
configure:9048: checking for SYSTEMD
configure:9055: $PKG_CONFIG --exists --print-errors "libsystemd-daemon"
Package libsystemd-daemon was not found in the pkg-config search path.
Perhaps you should add the directory containing `libsystemd-daemon.pc'
to the PKG_CONFIG_PATH environment variable
No package 'libsystemd-daemon' found
configure:9058: $? = 1
configure:9072: $PKG_CONFIG --exists --print-errors "libsystemd-daemon"
Package libsystemd-daemon was not found in the pkg-config search path.
Perhaps you should add the directory containing `libsystemd-daemon.pc'
to the PKG_CONFIG_PATH environment variable
No package 'libsystemd-daemon' found
configure:9075: $? = 1
configure:9089: result: no
No package 'libsystemd-daemon' found
configure:9108: checking for SYSTEMD
configure:9115: $PKG_CONFIG --exists --print-errors "libsystemd >= 209"
Package libsystemd was not found in the pkg-config search path.
Perhaps you should add the directory containing `libsystemd.pc'
to the PKG_CONFIG_PATH environment variable
No package 'libsystemd' found
configure:9118: $? = 1
configure:9132: $PKG_CONFIG --exists --print-errors "libsystemd >= 209"
Package libsystemd was not found in the pkg-config search path.
Perhaps you should add the directory containing `libsystemd.pc'
to the PKG_CONFIG_PATH environment variable
No package 'libsystemd' found
configure:9135: $? = 1
configure:9149: result: no
No package 'libsystemd' found
configure:9690: creating ./config.status

## ---------------------- ##
## Running config.status. ##
## ---------------------- ##

This file was extended by Xen Hypervisor Tools config.status 4.7, which was
generated by GNU Autoconf 2.69.  Invocation command line was

  CONFIG_FILES    = 
  CONFIG_HEADERS  = 
  CONFIG_LINKS    = 
  CONFIG_COMMANDS = 
  $ ./config.status 

on amna-ThinkPad-E460

config.status:950: creating ../config/Tools.mk
config.status:950: creating hotplug/FreeBSD/rc.d/xencommons
config.status:950: creating hotplug/FreeBSD/rc.d/xendriverdomain
config.status:950: creating hotplug/Linux/init.d/sysconfig.xencommons
config.status:950: creating hotplug/Linux/init.d/xen-watchdog
config.status:950: creating hotplug/Linux/init.d/xencommons
config.status:950: creating hotplug/Linux/init.d/xendomains
config.status:950: creating hotplug/Linux/init.d/xendriverdomain
config.status:950: creating hotplug/Linux/vif-setup
config.status:950: creating hotplug/Linux/xen-hotplug-common.sh
config.status:950: creating hotplug/Linux/xendomains
config.status:950: creating hotplug/NetBSD/rc.d/xencommons
config.status:950: creating hotplug/NetBSD/rc.d/xendriverdomain
config.status:950: creating libxl/xenlight.pc.in
config.status:950: creating libxl/xlutil.pc.in
config.status:950: creating config.h
config.status:1110: config.h is unchanged

## ---------------- ##
## Cache variables. ##
## ---------------- ##

ac_cv_build=x86_64-unknown-linux-gnu
ac_cv_c_compiler_gnu=yes
ac_cv_env_APPEND_INCLUDES_set=
ac_cv_env_APPEND_INCLUDES_value=
ac_cv_env_APPEND_LIB_set=
ac_cv_env_APPEND_LIB_value=
ac_cv_env_AS86_set=
ac_cv_env_AS86_value=
ac_cv_env_AWK_set=
ac_cv_env_AWK_value=
ac_cv_env_BASH_set=set
ac_cv_env_BASH_value=/bin/bash
ac_cv_env_BCC_set=
ac_cv_env_BCC_value=
ac_cv_env_BISON_set=
ac_cv_env_BISON_value=
ac_cv_env_CC_set=
ac_cv_env_CC_value=
ac_cv_env_CFLAGS_set=
ac_cv_env_CFLAGS_value=
ac_cv_env_CPPFLAGS_set=
ac_cv_env_CPPFLAGS_value=
ac_cv_env_CPP_set=
ac_cv_env_CPP_value=
ac_cv_env_CURL_set=
ac_cv_env_CURL_value=
ac_cv_env_FLEX_set=
ac_cv_env_FLEX_value=
ac_cv_env_IASL_set=
ac_cv_env_IASL_value=
ac_cv_env_LD86_set=
ac_cv_env_LD86_value=
ac_cv_env_LDFLAGS_set=
ac_cv_env_LDFLAGS_value=
ac_cv_env_LIBNL3_CFLAGS_set=
ac_cv_env_LIBNL3_CFLAGS_value=
ac_cv_env_LIBNL3_LIBS_set=
ac_cv_env_LIBNL3_LIBS_value=
ac_cv_env_LIBS_set=
ac_cv_env_LIBS_value=
ac_cv_env_PERL_set=
ac_cv_env_PERL_value=
ac_cv_env_PKG_CONFIG_LIBDIR_set=
ac_cv_env_PKG_CONFIG_LIBDIR_value=
ac_cv_env_PKG_CONFIG_PATH_set=
ac_cv_env_PKG_CONFIG_PATH_value=
ac_cv_env_PKG_CONFIG_set=
ac_cv_env_PKG_CONFIG_value=
ac_cv_env_PREPEND_INCLUDES_set=
ac_cv_env_PREPEND_INCLUDES_value=
ac_cv_env_PREPEND_LIB_set=
ac_cv_env_PREPEND_LIB_value=
ac_cv_env_PYTHON_set=
ac_cv_env_PYTHON_value=
ac_cv_env_SYSTEMD_CFLAGS_set=
ac_cv_env_SYSTEMD_CFLAGS_value=
ac_cv_env_SYSTEMD_LIBS_set=
ac_cv_env_SYSTEMD_LIBS_value=
ac_cv_env_XGETTEXT_set=
ac_cv_env_XGETTEXT_value=
ac_cv_env_XML_set=
ac_cv_env_XML_value=
ac_cv_env_build_alias_set=set
ac_cv_env_build_alias_value=x86_64-unknown-linux-gnu
ac_cv_env_glib_CFLAGS_set=
ac_cv_env_glib_CFLAGS_value=
ac_cv_env_glib_LIBS_set=
ac_cv_env_glib_LIBS_value=
ac_cv_env_host_alias_set=set
ac_cv_env_host_alias_value=aarch64-linux-gnu
ac_cv_env_pixman_CFLAGS_set=
ac_cv_env_pixman_CFLAGS_value=
ac_cv_env_pixman_LIBS_set=
ac_cv_env_pixman_LIBS_value=
ac_cv_env_target_alias_set=
ac_cv_env_target_alias_value=
ac_cv_func_fdt_first_property_offset=yes
ac_cv_func_fdt_first_subnode=no
ac_cv_func_fdt_next_subnode=no
ac_cv_have_decl_fdt_first_subnode=yes
ac_cv_have_decl_fdt_next_subnode=yes
ac_cv_have_decl_fdt_property_u32=yes
ac_cv_header_argp_h=yes
ac_cv_header_bzlib_h=no
ac_cv_header_curses_h=yes
ac_cv_header_ext2fs_ext2fs_h=no
ac_cv_header_ext4fs_ext2fs_h=no
ac_cv_header_inttypes_h=yes
ac_cv_header_libutil_h=no
ac_cv_header_lzma_h=no
ac_cv_header_lzo_lzo1x_h=no
ac_cv_header_memory_h=yes
ac_cv_header_ncurses_h=yes
ac_cv_header_stdc=yes
ac_cv_header_stdint_h=yes
ac_cv_header_stdlib_h=yes
ac_cv_header_string_h=yes
ac_cv_header_strings_h=yes
ac_cv_header_sys_eventfd_h=yes
ac_cv_header_sys_stat_h=yes
ac_cv_header_sys_types_h=yes
ac_cv_header_unistd_h=yes
ac_cv_header_utmp_h=yes
ac_cv_header_uuid_h=no
ac_cv_header_uuid_uuid_h=yes
ac_cv_header_valgrind_memcheck_h=no
ac_cv_header_yajl_yajl_version_h=yes
ac_cv_host=aarch64-unknown-linux-gnu
ac_cv_lib_aio_io_setup=yes
ac_cv_lib_argp_argp_usage=no
ac_cv_lib_curses_clear=yes
ac_cv_lib_fdt_fdt_create=yes
ac_cv_lib_gcrypt_gcry_md_hash_buffer=no
ac_cv_lib_iconv_libiconv_open=no
ac_cv_lib_ncurses_clear=yes
ac_cv_lib_tinfo_define_key=yes
ac_cv_lib_uuid_uuid_clear=yes
ac_cv_lib_z_deflateCopy=yes
ac_cv_objext=o
ac_cv_path_AWK=/usr/bin/awk
ac_cv_path_BASH=/bin/bash
ac_cv_path_EGREP='/bin/grep -E'
ac_cv_path_GREP=/bin/grep
ac_cv_path_PERL=/usr/bin/perl
ac_cv_path_PKG_CONFIG=/usr/bin/aarch64-linux-gnu-pkg-config
ac_cv_path_PYTHONPATH=/usr/bin/python
ac_cv_path_WGET=/usr/bin/wget
ac_cv_path_XGETTEXT=/usr/bin/xgettext
ac_cv_path_install='/usr/bin/install -c'
ac_cv_prog_AWK=/usr/bin/awk
ac_cv_prog_CC=aarch64-linux-gnu-gcc
ac_cv_prog_CPP='aarch64-linux-gnu-gcc -E'
ac_cv_prog_cc_c89=
ac_cv_prog_cc_g=yes
ac_cv_prog_make_make_set=yes
ac_cv_sys_file_offset_bits=no
ac_cv_sys_largefile_CC=no
ax_cv_githttp=n
ax_cv_monitors=y
ax_cv_ocamltools=y
ax_cv_ovmf=n
ax_cv_pthread_flags=-pthread
ax_cv_ptyfuncs_libs=-lutil
ax_cv_rpath=n
ax_cv_seabios=y
ax_cv_systemd=n
ax_cv_xsmpolicy=y
pkg_cv_glib_CFLAGS='-I/usr/include/glib-2.0 -I/usr/lib/aarch64-linux-gnu/glib-2.0/include  '
pkg_cv_glib_LIBS='-L/usr/lib/aarch64-linux-gnu -lglib-2.0  '
pkg_cv_pixman_CFLAGS='-I/usr/include/pixman-1  '
pkg_cv_pixman_LIBS='-lpixman-1  '

## ----------------- ##
## Output variables. ##
## ----------------- ##

APPEND_INCLUDES=''
APPEND_LIB=''
AS86=''
AWK='/usr/bin/awk'
BASH='/bin/bash'
BCC=''
BISON=''
CC='aarch64-linux-gnu-gcc'
CFLAGS='-g -O2'
CHECKPOLICY='no'
CONFIG_DIR='/etc'
CONFIG_LEAF_DIR='default'
CONFIG_RUMP='n'
CPP='aarch64-linux-gnu-gcc -E'
CPPFLAGS='  '
CURL=''
CURSES_LIBS='-lncurses'
DEFS='-DHAVE_CONFIG_H'
ECHO_C=''
ECHO_N='-n'
ECHO_T=''
EGREP='/bin/grep -E'
EXEEXT=''
EXTFS_LIBS=''
EXTRA_QEMUU_CONFIGURE_ARGS=''
FETCHER='/usr/bin/wget -c -O'
FILE_OFFSET_BITS=''
FLEX=''
FTP=''
GREP='/bin/grep'
IASL=''
INITD_DIR='/etc/init.d'
INSTALL_DATA='${INSTALL} -m 644'
INSTALL_PROGRAM='${INSTALL}'
INSTALL_SCRIPT='${INSTALL}'
LD86=''
LDFLAGS='  '
LIBEXEC='/usr/local/lib/xen'
LIBEXEC_BIN='/usr/local/lib/xen/bin'
LIBEXEC_INC='/usr/local/lib/xen/include'
LIBEXEC_LIB='/usr/local/lib/xen/lib'
LIBNL3_CFLAGS=''
LIBNL3_LIBS=''
LIBOBJS=''
LIBS='-lfdt -lz -laio  -lutil'
LINUX_BACKEND_MODULES='xen-evtchn xen-gntdev xen-gntalloc xen-blkback xen-netback xen-pciback evtchn gntdev netbk blkbk xen-scsibk usbbk pciback xen-acpi-processor blktap2'
LTLIBOBJS=''
OBJEXT='o'
OCAML='no'
OCAMLBEST=''
OCAMLBUILD='no'
OCAMLC='no'
OCAMLCDOTOPT=''
OCAMLDEP='no'
OCAMLDOC='no'
OCAMLFIND='no'
OCAMLLIB=''
OCAMLMKLIB='no'
OCAMLMKTOP='no'
OCAMLOPT=''
OCAMLOPTDOTOPT=''
OCAMLVERSION=''
PACKAGE_BUGREPORT='xen-devel@lists.xen.org'
PACKAGE_NAME='Xen Hypervisor Tools'
PACKAGE_STRING='Xen Hypervisor Tools 4.7'
PACKAGE_TARNAME='xen'
PACKAGE_URL='http://www.xen.org/'
PACKAGE_VERSION='4.7'
PATH_SEPARATOR=':'
PERL='/usr/bin/perl'
PKG_CONFIG='/usr/bin/aarch64-linux-gnu-pkg-config'
PKG_CONFIG_LIBDIR=''
PKG_CONFIG_PATH=''
PREPEND_INCLUDES=''
PREPEND_LIB=''
PTHREAD_CFLAGS='-pthread'
PTHREAD_LDFLAGS='-pthread'
PTHREAD_LIBS=''
PTYFUNCS_LIBS='-lutil'
PYTHON='python'
PYTHONPATH='/usr/bin/python'
PY_NOOPT_CFLAGS=''
SET_MAKE=''
SHAREDIR='/usr/local/share'
SHELL='/bin/bash'
SYSTEMD_CFLAGS=''
SYSTEMD_DIR=''
SYSTEMD_LIBS=''
SYSTEMD_MODULES_LOAD=''
TINFO_LIBS='-ltinfo'
WGET='/usr/bin/wget'
XENFIRMWAREDIR='/usr/local/lib/xen/boot'
XENSTORED='/usr/local/sbin/xenstored'
XEN_CONFIG_DIR='/etc/xen'
XEN_DUMP_DIR='/var/lib/xen/dump'
XEN_LIB_STORED='/var/lib/xenstored'
XEN_LOCK_DIR='/var/lock'
XEN_LOG_DIR='/var/log/xen'
XEN_PAGING_DIR='/var/lib/xen/xenpaging'
XEN_RUN_DIR='/var/run/xen'
XEN_SCRIPT_DIR='/etc/xen/scripts'
XGETTEXT='/usr/bin/xgettext'
XML=''
ac_ct_CC=''
argp_ldflags=''
bindir='/usr/local/bin'
blktap2='y'
build='x86_64-unknown-linux-gnu'
build_alias='x86_64-unknown-linux-gnu'
build_cpu='x86_64'
build_os='linux-gnu'
build_vendor='unknown'
datadir='${datarootdir}'
datarootdir='${prefix}/share'
docdir='${datarootdir}/doc/${PACKAGE_TARNAME}'
dvidir='${docdir}'
exec_prefix='/usr/local'
githttp='n'
glib_CFLAGS='-I/usr/include/glib-2.0 -I/usr/lib/aarch64-linux-gnu/glib-2.0/include  '
glib_LIBS='-L/usr/lib/aarch64-linux-gnu -lglib-2.0  '
host='aarch64-unknown-linux-gnu'
host_alias='aarch64-linux-gnu'
host_cpu='aarch64'
host_os='linux-gnu'
host_vendor='unknown'
htmldir='${docdir}'
includedir='${prefix}/include'
infodir='${datarootdir}/info'
libdir='/usr/local/lib'
libexecdir='${exec_prefix}/lib'
libgcrypt='n'
libiconv='n'
libnl='n'
localedir='${datarootdir}/locale'
localstatedir='/var'
mandir='${datarootdir}/man'
monitors='y'
ocamltools='n'
oldincludedir='/usr/include'
ovmf='n'
ovmf_path=''
pdfdir='${docdir}'
pixman_CFLAGS='-I/usr/include/pixman-1  '
pixman_LIBS='-lpixman-1  '
prefix='/usr/local'
program_transform_name='s,x,x,'
psdir='${docdir}'
pyconfig=''
qemu_traditional='n'
qemu_xen='y'
qemu_xen_path='/usr/local/lib/xen/bin/qemu-system-i386'
qemu_xen_systemd='/usr/local/lib/xen/bin/qemu-system-i386'
rombios='n'
rpath='n'
sbindir='/usr/local/sbin'
seabios='y'
seabios_path=''
sharedstatedir='${prefix}/com'
sysconfdir='/etc'
system_aio=''
systemd='n'
target_alias=''
xsmpolicy='n'

## ----------- ##
## confdefs.h. ##
## ----------- ##

/* confdefs.h */
#define PACKAGE_NAME "Xen Hypervisor Tools"
#define PACKAGE_TARNAME "xen"
#define PACKAGE_VERSION "4.7"
#define PACKAGE_STRING "Xen Hypervisor Tools 4.7"
#define PACKAGE_BUGREPORT "xen-devel@lists.xen.org"
#define PACKAGE_URL "http://www.xen.org/"
#define HAVE_BLKTAP2 1
#define QEMU_XEN_PATH "/usr/local/lib/xen/bin/qemu-system-i386"
#define STDC_HEADERS 1
#define HAVE_SYS_TYPES_H 1
#define HAVE_SYS_STAT_H 1
#define HAVE_STDLIB_H 1
#define HAVE_STRING_H 1
#define HAVE_MEMORY_H 1
#define HAVE_STRINGS_H 1
#define HAVE_INTTYPES_H 1
#define HAVE_STDINT_H 1
#define HAVE_UNISTD_H 1
#define INCLUDE_CURSES_H <ncurses.h>
#define HAVE_LIBAIO 1
#define HAVE_LIBZ 1
#define HAVE_LIBFDT 1
#define ENABLE_PARTIAL_DEVICE_TREE 1
#define HAVE_DECL_FDT_FIRST_SUBNODE 1
#define HAVE_DECL_FDT_NEXT_SUBNODE 1
#define HAVE_DECL_FDT_PROPERTY_U32 1
#define HAVE_YAJL_YAJL_VERSION_H 1
#define HAVE_SYS_EVENTFD_H 1
#define HAVE_UTMP_H 1

configure: exit 0
